action: py37, msg: envreport
cwd: C:\Users\Bumsky\Desktop\Deployment-of-titanic-ml-model\packages\classification_model
cmd: 'C:\Users\Bumsky\Desktop\Deployment-of-titanic-ml-model\packages\classification_model\.tox\py37\Scripts\python.EXE' -m pip freeze
You are using pip version 10.0.1, however version 20.3b1 is available.
You should consider upgrading via the 'python -m pip install --upgrade pip' command.
atomicwrites==1.4.0
attrs==20.3.0
colorama==0.4.4
importlib-metadata==2.0.0
iniconfig==1.1.1
joblib==0.17.0
numpy==1.19.4
packaging==20.4
pandas==1.1.4
pluggy==0.13.1
py==1.9.0
pyparsing==2.4.7
pytest==6.1.1
python-dateutil==2.8.1
pytz==2020.4
scikit-learn==0.23.0
scipy==1.5.4
six==1.15.0
threadpoolctl==2.1.0
toml==0.10.2
zipp==3.4.0
